<?xml version="1.0" encoding="UTF-8"?>
<!-- Generated by org.testng.reporters.JUnitReportReporter -->
<testsuite hostname="DESKTOP-S5MMF0I" failures="0" tests="9" name="com.cw.TestCases.HeaderTest" time="317.222" errors="0" timestamp="2022-12-15T15:55:46 IST" skipped="0">
  <testcase classname="com.cw.TestCases.HeaderTest" name="TC03_LogoIsClickable" time="52.066"/>
  <system-out/>
  <testcase classname="com.cw.TestCases.HeaderTest" name="TC05_serviceTabIsPresent" time="68.275"/>
  <system-out/>
  <testcase classname="com.cw.TestCases.HeaderTest" name="TC09_SearchTabIsPresent" time="35.070"/>
  <system-out/>
  <testcase classname="com.cw.TestCases.HeaderTest" name="TC04_companyTabIsPresent" time="20.651"/>
  <system-out/>
  <testcase classname="com.cw.TestCases.HeaderTest" name="TC07_ContactUsIsPresent" time="28.803"/>
  <system-out/>
  <testcase classname="com.cw.TestCases.HeaderTest" name="TC08_ResourcesIsPresent" time="16.802"/>
  <system-out/>
  <testcase classname="com.cw.TestCases.HeaderTest" name="TC02_LogoIsPresentAtRightside" time="31.941"/>
  <system-out/>
  <testcase classname="com.cw.TestCases.HeaderTest" name="TC06_careerTabIsPresent" time="27.484"/>
  <system-out/>
  <testcase classname="com.cw.TestCases.HeaderTest" name="TC01_LogoIsPresent" time="36.130"/>
  <system-out/>
</testsuite> <!-- com.cw.TestCases.HeaderTest -->
