<?xml version="1.0" encoding="UTF-8"?>
<!-- Generated by org.testng.reporters.JUnitReportReporter -->
<testsuite hostname="DESKTOP-S5MMF0I" failures="0" tests="9" name="com.cw.TestCases.CompanyTest" time="36.069" errors="0" timestamp="2022-12-16T16:36:48 IST" skipped="0">
  <testcase classname="com.cw.TestCases.CompanyTest" name="TC08_HoverOnKnowMore" time="1.995"/>
  <system-out/>
  <testcase classname="com.cw.TestCases.CompanyTest" name="TC13_ScheduleConsulationIsClickable" time="3.438"/>
  <system-out/>
  <testcase classname="com.cw.TestCases.CompanyTest" name="TC09_KnowMoreLinkIsClickable" time="2.544"/>
  <system-out/>
  <testcase classname="com.cw.TestCases.CompanyTest" name="TC02_HoverOnCompanyDropdown" time="0.291"/>
  <system-out/>
  <testcase classname="com.cw.TestCases.CompanyTest" name="TC05_AboutAccscientIsClickable" time="12.855"/>
  <system-out/>
  <testcase classname="com.cw.TestCases.CompanyTest" name="TC04_AboutUsNavigation" time="1.843"/>
  <system-out/>
  <testcase classname="com.cw.TestCases.CompanyTest" name="TC12_HoverOnScheduleConsulation" time="4.648"/>
  <system-out/>
  <testcase classname="com.cw.TestCases.CompanyTest" name="TC03_ClickOnAboutUs" time="6.570"/>
  <system-out/>
  <testcase classname="com.cw.TestCases.CompanyTest" name="TC06_AboutAccscientNavigation" time="1.885"/>
  <system-out/>
</testsuite> <!-- com.cw.TestCases.CompanyTest -->
