<?xml version="1.0" encoding="UTF-8"?>
<!-- Generated by org.testng.reporters.JUnitReportReporter -->
<testsuite hostname="DESKTOP-S5MMF0I" failures="0" tests="1" name="com.cw.TestCases.CogniwizeOnGoogle" time="92.855" errors="0" timestamp="2022-12-16T16:34:25 IST" skipped="0">
  <testcase classname="com.cw.TestCases.CogniwizeOnGoogle" name="Google" time="92.855"/>
  <system-out/>
</testsuite> <!-- com.cw.TestCases.CogniwizeOnGoogle -->
