<?xml version="1.0" encoding="UTF-8"?>
<!-- Generated by org.testng.reporters.JUnitReportReporter -->
<testsuite hostname="DESKTOP-S5MMF0I" failures="0" tests="13" name="com.cw.TestCases.FooterTest" time="148.910" errors="0" timestamp="2022-12-26T10:04:08 IST" skipped="0">
  <testcase classname="com.cw.TestCases.FooterTest" name="TC23_DigitalAssurance" time="6.330"/>
  <system-out/>
  <testcase classname="com.cw.TestCases.FooterTest" name="TC04_sociallink" time="15.620"/>
  <system-out/>
  <testcase classname="com.cw.TestCases.FooterTest" name="TC05_facebooklink" time="14.825"/>
  <system-out/>
  <testcase classname="com.cw.TestCases.FooterTest" name="TC19_copyrightIsDisplayed" time="2.146"/>
  <system-out/>
  <testcase classname="com.cw.TestCases.FooterTest" name="TC09_mailonfooter" time="2.534"/>
  <system-out/>
  <testcase classname="com.cw.TestCases.FooterTest" name="TestTransformationandAdvisoryServices" time="3.865"/>
  <system-out/>
  <testcase classname="com.cw.TestCases.FooterTest" name="TC20_RoboticsProcess" time="10.904"/>
  <system-out/>
  <testcase classname="com.cw.TestCases.FooterTest" name="TC21_HyperAutomation" time="5.671"/>
  <system-out/>
  <testcase classname="com.cw.TestCases.FooterTest" name="TC22_TestingAutomation" time="19.981"/>
  <system-out/>
  <testcase classname="com.cw.TestCases.FooterTest" name="TC24_QualityEnineeringServices" time="18.441"/>
  <system-out/>
  <testcase classname="com.cw.TestCases.FooterTest" name="TC06_twitterlink" time="9.908"/>
  <system-out/>
  <testcase classname="com.cw.TestCases.FooterTest" name="TC03_socialIconIsPresent" time="32.975"/>
  <system-out/>
  <testcase classname="com.cw.TestCases.FooterTest" name="TC08_Linkedin" time="5.710"/>
  <system-out/>
</testsuite> <!-- com.cw.TestCases.FooterTest -->
